0 info it worked if it ends with ok
1 verbose cli [ '/usr/bin/nodejs', '/usr/bin/npm', 'install', 'jshint', '-g' ]
2 info using npm@1.3.10
3 info using node@v0.10.25
4 verbose cache add [ 'jshint', null ]
5 verbose cache add name=undefined spec="jshint" args=["jshint",null]
6 verbose parsed url { protocol: null,
6 verbose parsed url   slashes: null,
6 verbose parsed url   auth: null,
6 verbose parsed url   host: null,
6 verbose parsed url   port: null,
6 verbose parsed url   hostname: null,
6 verbose parsed url   hash: null,
6 verbose parsed url   search: null,
6 verbose parsed url   query: null,
6 verbose parsed url   pathname: 'jshint',
6 verbose parsed url   path: 'jshint',
6 verbose parsed url   href: 'jshint' }
7 silly lockFile da5c03cb-jshint jshint
8 verbose lock jshint /home/GURTAM/diha/.npm/da5c03cb-jshint.lock
9 silly lockFile da5c03cb-jshint jshint
10 silly lockFile da5c03cb-jshint jshint
11 verbose addNamed [ 'jshint', '' ]
12 verbose addNamed [ null, '*' ]
13 silly lockFile a02a2468-jshint jshint@
14 verbose lock jshint@ /home/GURTAM/diha/.npm/a02a2468-jshint.lock
15 silly addNameRange { name: 'jshint', range: '*', hasData: false }
16 verbose url raw jshint
17 verbose url resolving [ 'https://registry.npmjs.org/', './jshint' ]
18 verbose url resolved https://registry.npmjs.org/jshint
19 info trying registry request attempt 1 at 14:49:32
20 verbose etag "10BCB5EOHDUB4BICRUC4JFGE0"
21 http GET https://registry.npmjs.org/jshint
22 http 304 https://registry.npmjs.org/jshint
23 silly registry.get cb [ 304,
23 silly registry.get   { date: 'Fri, 31 Oct 2014 11:49:33 GMT',
23 silly registry.get     server: 'Apache',
23 silly registry.get     via: '1.1 varnish',
23 silly registry.get     'last-modified': 'Fri, 31 Oct 2014 11:49:33 GMT',
23 silly registry.get     'cache-control': 'max-age=60',
23 silly registry.get     etag: '"10BCB5EOHDUB4BICRUC4JFGE0"',
23 silly registry.get     age: '30',
23 silly registry.get     'x-served-by': 'cache-ams4138-AMS',
23 silly registry.get     'x-cache': 'HIT',
23 silly registry.get     'x-cache-hits': '1',
23 silly registry.get     'x-timer': 'S1414756173.224304,VS0,VE0',
23 silly registry.get     vary: 'Accept',
23 silly registry.get     'content-length': '0',
23 silly registry.get     'keep-alive': 'timeout=10, max=50',
23 silly registry.get     connection: 'Keep-Alive' } ]
24 verbose etag jshint from cache
25 silly addNameRange number 2 { name: 'jshint', range: '*', hasData: true }
26 silly addNameRange versions [ 'jshint',
26 silly addNameRange   [ '0.1.8',
26 silly addNameRange     '0.1.9',
26 silly addNameRange     '0.2.0',
26 silly addNameRange     '0.2.1',
26 silly addNameRange     '0.2.2',
26 silly addNameRange     '0.2.3',
26 silly addNameRange     '0.3.0',
26 silly addNameRange     '0.3.1',
26 silly addNameRange     '0.4.0',
26 silly addNameRange     '0.5.0',
26 silly addNameRange     '0.5.1',
26 silly addNameRange     '0.5.2',
26 silly addNameRange     '0.5.3',
26 silly addNameRange     '0.5.4',
26 silly addNameRange     '0.5.5',
26 silly addNameRange     '0.5.6',
26 silly addNameRange     '0.5.7',
26 silly addNameRange     '0.5.8',
26 silly addNameRange     '0.5.9',
26 silly addNameRange     '0.6.0',
26 silly addNameRange     '0.6.1',
26 silly addNameRange     '0.6.2',
26 silly addNameRange     '0.6.3',
26 silly addNameRange     '0.7.0',
26 silly addNameRange     '0.7.1',
26 silly addNameRange     '0.7.2',
26 silly addNameRange     '0.7.3',
26 silly addNameRange     '0.8.0',
26 silly addNameRange     '0.8.1',
26 silly addNameRange     '0.8.2',
26 silly addNameRange     '0.9.0',
26 silly addNameRange     '0.9.1',
26 silly addNameRange     '1.0.0',
26 silly addNameRange     '1.1.0',
26 silly addNameRange     '2.0.0',
26 silly addNameRange     '2.0.1',
26 silly addNameRange     '2.1.0',
26 silly addNameRange     '2.1.1',
26 silly addNameRange     '2.1.2',
26 silly addNameRange     '2.1.3',
26 silly addNameRange     '2.1.4',
26 silly addNameRange     '2.1.5',
26 silly addNameRange     '2.1.6',
26 silly addNameRange     '2.1.7',
26 silly addNameRange     '2.1.8',
26 silly addNameRange     '2.1.9',
26 silly addNameRange     '2.1.10',
26 silly addNameRange     '2.1.11',
26 silly addNameRange     '2.2.0',
26 silly addNameRange     '2.3.0',
26 silly addNameRange     '2.4.0',
26 silly addNameRange     '2.4.1',
26 silly addNameRange     '2.4.2',
26 silly addNameRange     '2.4.3',
26 silly addNameRange     '2.4.4',
26 silly addNameRange     '2.5.0',
26 silly addNameRange     '2.5.1',
26 silly addNameRange     '2.5.2',
26 silly addNameRange     '2.5.3',
26 silly addNameRange     '2.5.4',
26 silly addNameRange     '2.5.5',
26 silly addNameRange     '2.5.6',
26 silly addNameRange     '2.5.7',
26 silly addNameRange     '2.5.8' ] ]
27 verbose addNamed [ 'jshint', '2.5.8' ]
28 verbose addNamed [ '2.5.8', '2.5.8' ]
29 silly lockFile 77fc00bf-jshint-2-5-8 jshint@2.5.8
30 verbose lock jshint@2.5.8 /home/GURTAM/diha/.npm/77fc00bf-jshint-2-5-8.lock
31 silly lockFile 77fc00bf-jshint-2-5-8 jshint@2.5.8
32 silly lockFile 77fc00bf-jshint-2-5-8 jshint@2.5.8
33 silly lockFile a02a2468-jshint jshint@
34 silly lockFile a02a2468-jshint jshint@
35 silly resolved [ { name: 'jshint',
35 silly resolved     version: '2.5.8',
35 silly resolved     homepage: 'http://jshint.com/',
35 silly resolved     description: 'Static analysis tool for JavaScript',
35 silly resolved     author:
35 silly resolved      { name: 'Anton Kovalyov',
35 silly resolved        email: 'anton@kovalyov.net',
35 silly resolved        url: 'http://anton.kovalyov.net/' },
35 silly resolved     repository: { type: 'git', url: 'https://github.com/jshint/jshint.git' },
35 silly resolved     bugs: { url: 'https://github.com/jshint/jshint/issues' },
35 silly resolved     bin: { jshint: './bin/jshint' },
35 silly resolved     scripts:
35 silly resolved      { build: 'node bin/build',
35 silly resolved        data: 'node scripts/generate-identifier-data',
35 silly resolved        pretest: 'jshint src',
35 silly resolved        test: 'nodeunit tests tests/regression tests/unit' },
35 silly resolved     main: './src/jshint.js',
35 silly resolved     dependencies:
35 silly resolved      { cli: '0.6.x',
35 silly resolved        'console-browserify': '1.1.x',
35 silly resolved        exit: '0.1.x',
35 silly resolved        htmlparser2: '3.8.x',
35 silly resolved        minimatch: '1.0.x',
35 silly resolved        shelljs: '0.3.x',
35 silly resolved        'strip-json-comments': '1.0.x',
35 silly resolved        underscore: '1.6.x' },
35 silly resolved     devDependencies:
35 silly resolved      { browserify: '6.x',
35 silly resolved        coveraje: '0.2.x',
35 silly resolved        jshint: '2.5.x',
35 silly resolved        'mock-stdin': '0.3.x',
35 silly resolved        nodeunit: '0.9.x',
35 silly resolved        regenerate: '1.0.x',
35 silly resolved        sinon: '1.11.x',
35 silly resolved        'unicode-6.3.0': '0.1.x' },
35 silly resolved     licenses: [ [Object] ],
35 silly resolved     preferGlobal: true,
35 silly resolved     files: [ 'bin', 'data', 'dist', 'src' ],
35 silly resolved     readme: 'JSHint, A Static Code Analysis Tool for JavaScript\n--------------------------------------------------\n\n\\[ [Use it online](http://jshint.com/) •  [About](http://jshint.com/about/) •\n[Docs](http://jshint.com/docs/) • [FAQ](http://jshint.com/docs/faq) •\n[Install](http://jshint.com/install/) • [Hack](http://jshint.com/hack/) •\n[Blog](http://jshint.com/blog/) • [Twitter](https://twitter.com/jshint/) \\]\n\n[![Build Status](https://travis-ci.org/jshint/jshint.svg?branch=master)](https://travis-ci.org/jshint/jshint)\n[![NPM version](https://badge.fury.io/js/jshint.svg)](http://badge.fury.io/js/jshint)\n\nJSHint is a community-driven tool to detect errors and potential problems\nin JavaScript code. It is very flexible so you can easily adjust it to your\nparticular coding guidelines and the environment you expect your code to\nexecute in.\n\n#### Reporting a bug\n\nTo report a bug simply create a\n[new GitHub Issue](https://github.com/jshint/jshint/issues/new) and describe\nyour problem or suggestion. We welcome all kind of feedback regarding\nJSHint including but not limited to:\n\n * When JSHint doesn\'t work as expected\n * When JSHint complains about valid JavaScript code that works in all browsers\n * When you simply want a new option or feature\n\nBefore reporting a bug look around to see if there are any open or closed tickets\nthat cover your issue. And remember the wisdom: pull request > bug report > tweet.\n\n#### Issue Priority\n\n- *P1:* Something is throwing exceptions; broken JSHint backward compatibility.\n- *P2:* Something is not being parsed correctly.\n- *P3:* Features that the core team will work on once P2s and P1s are done.\n- *P4:* Patches welcome; The request is good, but low priority.\n\n\n#### License\n\nJSHint is distributed under the MIT License. One file and one file only\n(src/stable/jshint.js) is distributed under the slightly modified MIT License.\n\n\n#### Thank you!\n\nWe really appreciate all kind of feedback and contributions. Thanks for using and supporting JSHint!\n',
35 silly resolved     readmeFilename: 'README.md',
35 silly resolved     _id: 'jshint@2.5.8',
35 silly resolved     _from: 'jshint@' } ]
36 info install jshint@2.5.8 into /usr/local/lib
37 info installOne jshint@2.5.8
38 info /usr/local/lib/node_modules/jshint unbuild
39 verbose tar unpack /home/GURTAM/diha/.npm/jshint/2.5.8/package.tgz
40 silly lockFile 59dfcd45-sr-local-lib-node-modules-jshint tar:///usr/local/lib/node_modules/jshint
41 verbose lock tar:///usr/local/lib/node_modules/jshint /home/GURTAM/diha/.npm/59dfcd45-sr-local-lib-node-modules-jshint.lock
42 silly lockFile 5327ae34-iha-npm-jshint-2-5-8-package-tgz tar:///home/GURTAM/diha/.npm/jshint/2.5.8/package.tgz
43 verbose lock tar:///home/GURTAM/diha/.npm/jshint/2.5.8/package.tgz /home/GURTAM/diha/.npm/5327ae34-iha-npm-jshint-2-5-8-package-tgz.lock
44 silly gunzTarPerm modes [ '755', '644' ]
45 error Error: EACCES, mkdir '/usr/local/lib/node_modules'
45 error  { [Error: EACCES, mkdir '/usr/local/lib/node_modules']
45 error   errno: 3,
45 error   code: 'EACCES',
45 error   path: '/usr/local/lib/node_modules',
45 error   fstream_type: 'Directory',
45 error   fstream_path: '/usr/local/lib/node_modules/jshint',
45 error   fstream_class: 'DirWriter',
45 error   fstream_stack:
45 error    [ '/usr/lib/nodejs/fstream/lib/writer.js:171:23',
45 error      '/usr/lib/nodejs/mkdirp/index.js:37:53',
45 error      'Object.oncomplete (fs.js:107:15)' ] }
46 error Please try running this command again as root/Administrator.
47 error System Linux 3.13.0-24-generic
48 error command "/usr/bin/nodejs" "/usr/bin/npm" "install" "jshint" "-g"
49 error cwd /home/GURTAM/diha/projects/orange-L10n
50 error node -v v0.10.25
51 error npm -v 1.3.10
52 error path /usr/local/lib/node_modules
53 error fstream_path /usr/local/lib/node_modules/jshint
54 error fstream_type Directory
55 error fstream_class DirWriter
56 error code EACCES
57 error errno 3
58 error stack Error: EACCES, mkdir '/usr/local/lib/node_modules'
59 error fstream_stack /usr/lib/nodejs/fstream/lib/writer.js:171:23
59 error fstream_stack /usr/lib/nodejs/mkdirp/index.js:37:53
59 error fstream_stack Object.oncomplete (fs.js:107:15)
60 verbose exit [ 3, true ]
